<?xml version="1.0" encoding="UTF-8"?>
<testsuite xmlns:xsi="http://www.w3.org/2001/XMLSchema-instance" xsi:noNamespaceSchemaLocation="https://maven.apache.org/surefire/maven-surefire-plugin/xsd/surefire-test-report-3.0.xsd" version="3.0" name="com.usermanagementservice.UserManagementServiceApplicationTests" time="13.386" tests="1" errors="0" skipped="0" failures="0">
  <properties>
[...]
</properties>
  <testcase name="contextLoads" classname="com.usermanagementservice.UserManagementServiceApplicationTests" time="2.26">
    <system-out><![CDATA[11:29:03.707 [main] INFO org.springframework.test.context.support.AnnotationConfigContextLoaderUtils -- Could not detect default configuration classes for test class [com.usermanagementservice.UserManagementServiceApplicationTests]: UserManagementServiceApplicationTests does not declare any static, non-private, non-final, nested classes annotated with @Configuration.
11:29:04.074 [main] INFO org.springframework.boot.test.context.SpringBootTestContextBootstrapper -- Found @SpringBootConfiguration com.usermanagementservice.UserManagementServiceApplication for test class com.usermanagementservice.UserManagementServiceApplicationTests

  .   ____          _            __ _ _
 /\\ / ___'_ __ _ _(_)_ __  __ _ \ \ \ \
( ( )\___ | '_ | '_| | '_ \/ _` | \ \ \ \
 \\/  ___)| |_)| | | | | || (_| |  ) ) ) )
  '  |____| .__|_| |_|_| |_\__, | / / / /
 =========|_|==============|___/=/_/_/_/
 :: Spring Boot ::                (v3.2.0)

2023-12-19T11:29:05.340+05:30  INFO 13944 --- [           main] .u.UserManagementServiceApplicationTests : Starting UserManagementServiceApplicationTests using Java 17.0.6 with PID 13944 (started by Saquib in C:\Users\Saquib\Documents\Projects\Backend\Spring\user-management-service)
2023-12-19T11:29:05.344+05:30  INFO 13944 --- [           main] .u.UserManagementServiceApplicationTests : No active profile set, falling back to 1 default profile: "default"
2023-12-19T11:29:08.412+05:30  INFO 13944 --- [           main] .s.d.r.c.RepositoryConfigurationDelegate : Bootstrapping Spring Data JDBC repositories in DEFAULT mode.
2023-12-19T11:29:08.565+05:30  INFO 13944 --- [           main] .s.d.r.c.RepositoryConfigurationDelegate : Finished Spring Data repository scanning in 133 ms. Found 1 JDBC repository interface.
2023-12-19T11:29:09.686+05:30  INFO 13944 --- [           main] com.zaxxer.hikari.HikariDataSource       : HikariPool-1 - Starting...
2023-12-19T11:29:10.661+05:30  INFO 13944 --- [           main] com.zaxxer.hikari.pool.HikariPool        : HikariPool-1 - Added connection com.mysql.cj.jdbc.ConnectionImpl@4b97b3d2
2023-12-19T11:29:10.666+05:30  INFO 13944 --- [           main] com.zaxxer.hikari.HikariDataSource       : HikariPool-1 - Start completed.
2023-12-19T11:29:12.247+05:30  WARN 13944 --- [           main] .s.s.UserDetailsServiceAutoConfiguration : 

Using generated security password: cf882538-27b6-4c3f-b0e4-a4edfefe1f1c

This generated password is for development use only. Your security configuration must be updated before running your application in production.

2023-12-19T11:29:13.288+05:30  INFO 13944 --- [           main] o.s.s.web.DefaultSecurityFilterChain     : Will secure any request with [org.springframework.security.web.session.DisableEncodeUrlFilter@30dd00b6, org.springframework.security.web.context.request.async.WebAsyncManagerIntegrationFilter@4656fcc5, org.springframework.security.web.context.SecurityContextHolderFilter@9be7319, org.springframework.security.web.header.HeaderWriterFilter@4438938e, org.springframework.web.filter.CorsFilter@2c16677c, org.springframework.security.web.csrf.CsrfFilter@64c25a62, org.springframework.security.web.authentication.logout.LogoutFilter@54a056e4, org.springframework.security.web.authentication.UsernamePasswordAuthenticationFilter@28831d69, org.springframework.security.web.authentication.ui.DefaultLoginPageGeneratingFilter@7e2c6702, org.springframework.security.web.authentication.ui.DefaultLogoutPageGeneratingFilter@27d73d22, org.springframework.security.web.authentication.www.BasicAuthenticationFilter@6182ffef, org.springframework.security.web.savedrequest.RequestCacheAwareFilter@42730828, org.springframework.security.web.servletapi.SecurityContextHolderAwareRequestFilter@18c7f6b5, org.springframework.security.web.authentication.AnonymousAuthenticationFilter@7fd751de, org.springframework.security.web.access.ExceptionTranslationFilter@7404ddca, org.springframework.security.web.access.intercept.AuthorizationFilter@36d697ab]
2023-12-19T11:29:14.169+05:30  INFO 13944 --- [           main] .u.UserManagementServiceApplicationTests : Started UserManagementServiceApplicationTests in 9.668 seconds (process running for 12.704)
]]></system-out>
  </testcase>
</testsuite>